<?xml version="1.0" encoding="utf-8"?><testsuites name="pytest tests"><testsuite name="pytest" errors="0" failures="0" skipped="0" tests="14" time="2.628" timestamp="2026-08-29T16:59:37.173413+00:00" hostname="agent-env-fd67ff47-c209-47ea-ab5f-8120f6b6a273"><testcase classname="tests.backend_test_rc_abcde.TestRCEDestination" name="test_destination_options" time="0.831" /><testcase classname="tests.backend_test_rc_abcde.TestRCAQuoteParity" name="test_quote_uses_unit_day_rate" time="0.888" /><testcase classname="tests.backend_test_rc_abcde.TestRCAQuoteParity" name="test_booking_base_price_matches_quote" time="0.311" /><testcase classname="tests.backend_test_rc_abcde.TestRCEDestination" name="test_invalid_destination_rejected" time="0.238" /><testcase classname="tests.backend_test_rc_abcde.TestRCEDestination" name="test_destination_canonicalized" time="0.211" /><testcase classname="tests.backend_test_rc_abcde.TestRCAQuoteParity" name="test_overlap_rejected" time="0.144" /><testcase classname="tests.backend_test_rc_abcde.TestRCEDestination" name="test_empty_destination_allowed" time="0.176" /><testcase classname="tests.backend_test_rc_abcde.TestRCAQuoteParity" name="test_unit_without_day_rate_uses_type_rate" time="0.219" /><testcase classname="tests.backend_test_rc_abcde.TestRCEDestination" name="test_update_destination_validated" time="0.282" /><testcase classname="tests.backend_test_rc_abcde.TestRCBMasterHarga" name="test_list_unit_rates" time="0.073" /><testcase classname="tests.backend_test_rc_abcde.TestRCBMasterHarga" name="test_patch_unit_rate" time="0.224" /><testcase classname="tests.backend_test_rc_abcde.TestRCCMediaHealth" name="test_media_health_fields" time="0.341" /><testcase classname="tests.backend_test_rc_abcde.TestRCBMasterHarga" name="test_patch_unit_rate_404" time="0.072" /><testcase classname="tests.backend_test_rc_abcde.TestRCBMasterHarga" name="test_vehicle_patch_ignores_price_fields" time="0.338" /></testsuite></testsuites>