<?xml version="1.0" encoding="utf-8"?><testsuites name="pytest tests"><testsuite name="pytest" errors="0" failures="0" skipped="1" tests="15" time="3.197" timestamp="2026-08-29T17:34:59.999738+00:00" hostname="agent-env-fd67ff47-c209-47ea-ab5f-8120f6b6a273"><testcase classname="tests.backend_test_ssot_batch2.TestBookingOrigin" name="test_create_invalid_origin_rejected" time="0.950" /><testcase classname="tests.backend_test_ssot_batch2.TestBookingOrigin" name="test_create_lowercase_origin_canonical" time="0.361" /><testcase classname="tests.backend_test_ssot_batch2.TestLeadDestination" name="test_destination_options_owner_and_marketing" time="1.481" /><testcase classname="tests.backend_test_ssot_batch2.TestBookingOrigin" name="test_create_empty_origin_allowed" time="0.181" /><testcase classname="tests.backend_test_ssot_batch2.TestLeadDestination" name="test_create_invalid_destination_rejected" time="0.091" /><testcase classname="tests.backend_test_ssot_batch2.TestBookingOrigin" name="test_patch_origin" time="0.383" /><testcase classname="tests.backend_test_ssot_batch2.TestLeadDestination" name="test_create_lowercase_destination_canonical" time="0.240" /><testcase classname="tests.backend_test_ssot_batch2.TestLeadDestination" name="test_create_empty_destination_allowed" time="0.085" /><testcase classname="tests.backend_test_ssot_batch2.TestBookingOrigin" name="test_legacy_origin_booking_notes_editable" time="0.156"><skipped type="pytest.skip" message="tidak ada booking warisan dgn origin di luar master">/app/backend/tests/backend_test_ssot_batch2.py:164: tidak ada booking warisan dgn origin di luar master</skipped></testcase><testcase classname="tests.backend_test_ssot_batch2.TestPublicQuotationSoft" name="test_unknown_destination_accepted_as_is" time="0.235" /><testcase classname="tests.backend_test_ssot_batch2.TestPickupPoints" name="test_list_seed" time="0.077" /><testcase classname="tests.backend_test_ssot_batch2.TestPickupPoints" name="test_create_and_idempotent" time="0.540" /><testcase classname="tests.backend_test_ssot_batch2.TestPublicQuotationSoft" name="test_known_slug_normalized" time="0.286" /><testcase classname="tests.backend_test_ssot_batch2.TestPriceAlarm" name="test_list_has_alarm_fields" time="0.077" /><testcase classname="tests.backend_test_ssot_batch2.TestPriceAlarm" name="test_premio_deviation_alarm" time="0.304" /></testsuite></testsuites>